2018-10-20 00:02:17,752 - order_process.py:[line:34] - OrderProcess - 慈溪市诺塑塑料制品有限公司:未找到相应的会员
2018-10-20 00:02:19,842 - order_process.py:[line:64] - OrderProcess -  苏州高朗塑胶有限公司:未找到相应的商家
2018-10-20 00:02:19,982 - order_process.py:[line:64] - OrderProcess -  苏州高朗塑胶有限公司:未找到相应的商家
2018-10-20 00:02:20,289 - order_process.py:[line:64] - OrderProcess - 上海悦发实业有限公司:未找到相应的商家
2018-10-20 00:02:20,290 - order_process.py:[line:64] - OrderProcess -  苏州高朗塑胶有限公司:未找到相应的商家
2018-10-20 00:02:20,520 - order_process.py:[line:64] - OrderProcess - 宁波创塑正合工程塑料研究有限公司 :未找到相应的商家
2018-10-20 00:02:20,696 - order_process.py:[line:64] - OrderProcess - 宁波创塑正合工程塑料研究有限公司 :未找到相应的商家
2018-10-20 00:02:20,769 - order_process.py:[line:64] - OrderProcess - 宁波创塑正合工程塑料研究有限公司 :未找到相应的商家
2018-10-20 00:02:21,823 - order_process.py:[line:34] - OrderProcess - 江阴富杰制桶有限公司:未找到相应的会员
2018-10-20 00:02:22,461 - order_process.py:[line:64] - OrderProcess -  苏州高朗塑胶有限公司:未找到相应的商家
2018-10-20 00:02:22,624 - order_process.py:[line:64] - OrderProcess -  苏州高朗塑胶有限公司:未找到相应的商家
2018-10-20 00:02:22,625 - order_process.py:[line:64] - OrderProcess -  苏州高朗塑胶有限公司:未找到相应的商家
2018-10-20 00:02:22,773 - order_process.py:[line:64] - OrderProcess - 上海悦发实业有限公司:未找到相应的商家
2018-10-20 00:02:22,970 - order_process.py:[line:64] - OrderProcess -  苏州高朗塑胶有限公司:未找到相应的商家
2018-10-20 00:02:23,433 - order_process.py:[line:64] - OrderProcess -  宁波恒沙塑料有限公司:未找到相应的商家
2018-10-20 00:02:23,505 - order_process.py:[line:64] - OrderProcess -  宁波纳鑫国际贸易有限公司 :未找到相应的商家
2018-10-20 00:02:23,575 - order_process.py:[line:64] - OrderProcess -  苏州高朗塑胶有限公司:未找到相应的商家
2018-10-20 00:02:23,648 - order_process.py:[line:64] - OrderProcess -  宁波恒沙塑料有限公司:未找到相应的商家
2018-10-20 00:02:23,796 - order_process.py:[line:64] - OrderProcess -  宁波恒沙塑料有限公司:未找到相应的商家
2018-10-20 00:02:23,953 - order_process.py:[line:64] - OrderProcess -  苏州高朗塑胶有限公司:未找到相应的商家
2018-10-20 00:02:23,956 - order_process.py:[line:64] - OrderProcess -  苏州高朗塑胶有限公司:未找到相应的商家
2018-10-20 00:02:24,226 - order_process.py:[line:64] - OrderProcess -  苏州高朗塑胶有限公司:未找到相应的商家
2018-10-20 00:02:24,230 - order_process.py:[line:64] - OrderProcess -  苏州高朗塑胶有限公司:未找到相应的商家
